<html>
<body>
<pre>
<h1>Build Log</h1>
<h3>
--------------------Configuration: dadwf - Win32 Debug--------------------
</h3>
<h3>Command Lines</h3>
Creating temporary file "C:\Users\–°Œ‚Õ¨~1\AppData\Local\Temp\RSPBE84.tmp" with contents
[
/nologo /MLd /W3 /Gm /GX /ZI /Od /D "WIN32" /D "_DEBUG" /D "_CONSOLE" /D "_MBCS" /Fp"Debug/dadwf.pch" /YX /Fo"Debug/" /Fd"Debug/" /FD /GZ /c 
"D:\—ßœ∞≤›∏Â\dadwf.c"
]
Creating command line "cl.exe @"C:\Users\–°Œ‚Õ¨~1\AppData\Local\Temp\RSPBE84.tmp"" 
<h3>Output Window</h3>
Compiling...
dadwf.c
D:\—ßœ∞≤›∏Â\dadwf.c(4) : error C2143: syntax error : missing ';' before '{'
D:\—ßœ∞≤›∏Â\dadwf.c(5) : error C2143: syntax error : missing ')' before 'string'
D:\—ßœ∞≤›∏Â\dadwf.c(5) : error C2143: syntax error : missing '{' before 'string'
D:\—ßœ∞≤›∏Â\dadwf.c(5) : error C2059: syntax error : '<Unknown>'
D:\—ßœ∞≤›∏Â\dadwf.c(5) : error C2059: syntax error : ')'
D:\—ßœ∞≤›∏Â\dadwf.c(6) : error C2059: syntax error : '}'
÷¥–– cl.exe  ±≥ˆ¥Ì.



<h3>Results</h3>
dadwf.obj - 1 error(s), 0 warning(s)
</pre>
</body>
</html>
